\standalonepreambles
\subpreamble{sections/introduction.tex}

\endsubpreamble
\subpreamble{sections/lit_review.tex}
\usepackage {graphicx}\graphicspath {{images/}}\usepackage {blindtext}
\endsubpreamble
\subpreamble{sections/context.tex}
\usepackage {graphicx}\graphicspath {{images/}}\usepackage {blindtext}
\endsubpreamble
\subpreamble{sections/method.tex}
\usepackage {graphicx}\graphicspath {{images/}}\usepackage {blindtext}
\endsubpreamble
\subpreamble{sections/analysis.tex}
\usepackage {graphicx}\graphicspath {{images/}}\usepackage {blindtext}
\endsubpreamble
\subpreamble{sections/discussion.tex}
\usepackage {graphicx}\graphicspath {{images/}}\usepackage {blindtext}
\endsubpreamble
\subpreamble{sections/conclusion.tex}
\usepackage {graphicx}\graphicspath {{images/}}\usepackage {blindtext}
\endsubpreamble
\endstandalonepreambles
