\standalonepreambles
\subpreamble{../sections/introduction/introduction.tex}

\endsubpreamble
\subpreamble{../sections/lit_review/lit_review.tex}
\usepackage {graphicx}\graphicspath {{images/}}\usepackage {blindtext}
\endsubpreamble
\subpreamble{../sections/context/context.tex}
\usepackage {graphicx}\graphicspath {{images/}}\usepackage {blindtext}
\endsubpreamble
\subpreamble{../sections/method/method.tex}
\usepackage {graphicx}\graphicspath {{images/}}\usepackage {blindtext}
\endsubpreamble
\subpreamble{../sections/analysis/analysis.tex}
\usepackage {graphicx}\graphicspath {{images/}}\usepackage {blindtext}
\endsubpreamble
\subpreamble{../sections/discussion/discussion.tex}
\usepackage {graphicx}\graphicspath {{images/}}\usepackage {blindtext}
\endsubpreamble
\subpreamble{../sections/conclusion/conclusion.tex}
\usepackage {graphicx}\graphicspath {{images/}}\usepackage {blindtext}
\endsubpreamble
\endstandalonepreambles
